Determining if the pthread_create exist failed with the following output:
Change Dir: /home/slave5/FINAL/FINAL/pp2/ver_serial/build/CMakeFiles/CMakeTmp

Run Build Command:"/usr/bin/make" "cmTC_718fb/fast"
/usr/bin/make -f CMakeFiles/cmTC_718fb.dir/build.make CMakeFiles/cmTC_718fb.dir/build
make[1]: Entering directory '/home/slave5/FINAL/FINAL/pp2/ver_serial/build/CMakeFiles/CMakeTmp'
Building C object CMakeFiles/cmTC_718fb.dir/CheckSymbolExists.c.o
/usr/bin/cc     -o CMakeFiles/cmTC_718fb.dir/CheckSymbolExists.c.o   -c /home/slave5/FINAL/FINAL/pp2/ver_serial/build/CMakeFiles/CMakeTmp/CheckSymbolExists.c
Linking C executable cmTC_718fb
/usr/bin/cmake -E cmake_link_script CMakeFiles/cmTC_718fb.dir/link.txt --verbose=1
/usr/bin/cc       CMakeFiles/cmTC_718fb.dir/CheckSymbolExists.c.o  -o cmTC_718fb -rdynamic 
CMakeFiles/cmTC_718fb.dir/CheckSymbolExists.c.o: In function `main':
CheckSymbolExists.c:(.text+0x16): undefined reference to `pthread_create'
collect2: error: ld returned 1 exit status
CMakeFiles/cmTC_718fb.dir/build.make:97: recipe for target 'cmTC_718fb' failed
make[1]: *** [cmTC_718fb] Error 1
make[1]: Leaving directory '/home/slave5/FINAL/FINAL/pp2/ver_serial/build/CMakeFiles/CMakeTmp'
Makefile:126: recipe for target 'cmTC_718fb/fast' failed
make: *** [cmTC_718fb/fast] Error 2

File /home/slave5/FINAL/FINAL/pp2/ver_serial/build/CMakeFiles/CMakeTmp/CheckSymbolExists.c:
/* */
#include <pthread.h>

int main(int argc, char** argv)
{
  (void)argv;
#ifndef pthread_create
  return ((int*)(&pthread_create))[argc];
#else
  (void)argc;
  return 0;
#endif
}

Determining if the function pthread_create exists in the pthreads failed with the following output:
Change Dir: /home/slave5/FINAL/FINAL/pp2/ver_serial/build/CMakeFiles/CMakeTmp

Run Build Command:"/usr/bin/make" "cmTC_4f0b5/fast"
/usr/bin/make -f CMakeFiles/cmTC_4f0b5.dir/build.make CMakeFiles/cmTC_4f0b5.dir/build
make[1]: Entering directory '/home/slave5/FINAL/FINAL/pp2/ver_serial/build/CMakeFiles/CMakeTmp'
Building C object CMakeFiles/cmTC_4f0b5.dir/CheckFunctionExists.c.o
/usr/bin/cc    -DCHECK_FUNCTION_EXISTS=pthread_create   -o CMakeFiles/cmTC_4f0b5.dir/CheckFunctionExists.c.o   -c /usr/share/cmake-3.5/Modules/CheckFunctionExists.c
Linking C executable cmTC_4f0b5
/usr/bin/cmake -E cmake_link_script CMakeFiles/cmTC_4f0b5.dir/link.txt --verbose=1
/usr/bin/cc   -DCHECK_FUNCTION_EXISTS=pthread_create    CMakeFiles/cmTC_4f0b5.dir/CheckFunctionExists.c.o  -o cmTC_4f0b5 -rdynamic -lpthreads 
/usr/bin/ld: cannot find -lpthreads
collect2: error: ld returned 1 exit status
CMakeFiles/cmTC_4f0b5.dir/build.make:97: recipe for target 'cmTC_4f0b5' failed
make[1]: *** [cmTC_4f0b5] Error 1
make[1]: Leaving directory '/home/slave5/FINAL/FINAL/pp2/ver_serial/build/CMakeFiles/CMakeTmp'
Makefile:126: recipe for target 'cmTC_4f0b5/fast' failed
make: *** [cmTC_4f0b5/fast] Error 2


